============================= test session starts ==============================
platform linux -- Python 3.14.4, pytest-9.1.1, pluggy-1.6.0 -- /home/murat/.local/venv/bin/python3
cachedir: .pytest_cache
hypothesis profile 'default'
rootdir: /home/murat/Projects/repos/mcp-ariel-memory
configfile: pyproject.toml
plugins: asyncio-1.4.0, anyio-4.14.1, timeout-2.4.0, hypothesis-6.165.2
asyncio: mode=Mode.AUTO, debug=False, asyncio_default_fixture_loop_scope=function, asyncio_default_test_loop_scope=function
timeout: 60.0s
timeout method: signal
timeout func_only: False
collecting ... collected 3 items

tests/test_wiki/test_wiki_manager.py::test_wiki_manager_full_cycle FAILED [ 33%]
tests/test_wiki/test_wiki_manager.py::test_wiki_manager_reindex FAILED   [ 66%]
tests/test_wiki/test_wiki_manager.py::test_wiki_manager_sync_external FAILED [100%]